#
# There is insufficient memory for the Java Runtime Environment to continue.
# Native memory allocation (mmap) failed to map 260046848 bytes for G1 virtual space
# Possible reasons:
#   The system is out of physical RAM or swap space
#   The process is running with CompressedOops enabled, and the Java Heap may be blocking the growth of the native heap
# Possible solutions:
#   Reduce memory load on the system
#   Increase physical memory or swap space
#   Check if swap backing store is full
#   Decrease Java heap size (-Xmx/-Xms)
#   Decrease number of Java threads
#   Decrease Java thread stack sizes (-Xss)
#   Set larger code cache with -XX:ReservedCodeCacheSize=
#   JVM is running with Zero Based Compressed Oops mode in which the Java heap is
#     placed in the first 32GB address space. The Java Heap base address is the
#     maximum limit for the native heap growth. Please use -XX:HeapBaseMinAddress
#     to set the Java Heap base and to place the Java Heap above 32GB virtual address.
# This output file may be truncated or incomplete.
#
#  Out of Memory Error (os_windows.cpp:3613), pid=11784, tid=4248
#
# JRE version:  (17.0.10+7) (build )
# Java VM: OpenJDK 64-Bit Server VM (17.0.10+7-LTS, mixed mode, emulated-client, sharing, tiered, compressed oops, compressed class ptrs, g1 gc, windows-amd64)
# No core dump will be written. Minidumps are not enabled by default on client versions of Windows
#

---------------  S U M M A R Y ------------

Command Line: -XX:TieredStopAtLevel=1 -Dspring.output.ansi.enabled=always -Dcom.sun.management.jmxremote -Dspring.jmx.enabled=true -Dspring.liveBeansView.mbeanDomain -Dspring.application.admin.enabled=true -Dmanagement.endpoints.jmx.exposure.include=* -javaagent:C:\Program Files\JetBrains\IntelliJ IDEA 2023.3.4\lib\idea_rt.jar=54809:C:\Program Files\JetBrains\IntelliJ IDEA 2023.3.4\bin -Dfile.encoding=UTF-8 com.example.demo.DemoApplication

Host: AMD Ryzen 9 5900HX with Radeon Graphics        , 16 cores, 15G,  Windows 10 , 64 bit Build 19041 (10.0.19041.3636)
Time: Tue Mar  5 22:43:45 2024  Windows 10 , 64 bit Build 19041 (10.0.19041.3636) elapsed time: 0.010909 seconds (0d 0h 0m 0s)

---------------  T H R E A D  ---------------

Current thread (0x000001bf86c14bf0):  JavaThread "Unknown thread" [_thread_in_vm, id=4248, stack(0x0000005936a00000,0x0000005936b00000)]

Stack: [0x0000005936a00000,0x0000005936b00000]
Native frames: (J=compiled Java code, j=interpreted, Vv=VM code, C=native code)
V  [jvm.dll+0x67d2c9]
V  [jvm.dll+0x834b1a]
V  [jvm.dll+0x8365de]
V  [jvm.dll+0x836c43]
V  [jvm.dll+0x2477ff]
V  [jvm.dll+0x67a109]
V  [jvm.dll+0x66eb7a]
V  [jvm.dll+0x30764b]
V  [jvm.dll+0x30eaf6]
V  [jvm.dll+0x35e83e]
V  [jvm.dll+0x35ea6f]
V  [jvm.dll+0x2de248]
V  [jvm.dll+0x2df1b4]
V  [jvm.dll+0x806381]
V  [jvm.dll+0x36c6f1]
V  [jvm.dll+0x7e4e26]
V  [jvm.dll+0x3eff3f]
V  [jvm.dll+0x3f1b71]
C  [jli.dll+0x528f]
C  [ucrtbase.dll+0x21bb2]
C  [KERNEL32.DLL+0x17344]
C  [ntdll.dll+0x526b1]


---------------  P R O C E S S  ---------------

Threads class SMR info:
_java_thread_list=0x00007ffc2926ee98, length=0, elements={
}

Java Threads: ( => current thread )

Other Threads:
  0x000001bf86c7a060 GCTaskThread "GC Thread#0" [stack: 0x0000005936b00000,0x0000005936c00000] [id=964]
  0x000001bf86c8b4a0 ConcurrentGCThread "G1 Main Marker" [stack: 0x0000005936c00000,0x0000005936d00000] [id=4980]
  0x000001bf86c8bec0 ConcurrentGCThread "G1 Conc#0" [stack: 0x0000005936d00000,0x0000005936e00000] [id=6196]

[error occurred during error reporting (printing all threads), id 0xc0000005, EXCEPTION_ACCESS_VIOLATION (0xc0000005) at pc=0x00007ffc28a2ec87]

VM state: not at safepoint (not fully initialized)

VM Mutex/Monitor currently owned by a thread:  ([mutex/lock_event])
[0x000001bf86c0f490] Heap_lock - owner thread: 0x000001bf86c14bf0

Heap address: 0x0000000709200000, size: 3950 MB, Compressed Oops mode: Zero based, Oop shift amount: 3

CDS archive(s) mapped at: [0x0000000000000000-0x0000000000000000-0x0000000000000000), size 0, SharedBaseAddress: 0x0000000800000000, ArchiveRelocationMode: 1.
Narrow klass base: 0x0000000000000000, Narrow klass shift: 0, Narrow klass range: 0x0

GC Precious Log:
<Empty>

Heap:
 garbage-first heap   total 0K, used 0K [0x0000000709200000, 0x0000000800000000)
  region size 2048K, 0 young (0K), 0 survivors (0K)

[error occurred during error reporting (printing heap information), id 0xc0000005, EXCEPTION_ACCESS_VIOLATION (0xc0000005) at pc=0x00007ffc28e16fb9]

GC Heap History (0 events):
No events

Dll operation events (1 events):
Event: 0.006 Loaded shared library C:\Users\zihao\.jdks\corretto-17.0.10\bin\java.dll

Deoptimization events (0 events):
No events

Classes unloaded (0 events):
No events

Classes redefined (0 events):
No events

Internal exceptions (0 events):
No events

VM Operations (0 events):
No events

Events (0 events):
No events


Dynamic libraries:
0x00007ff6f3680000 - 0x00007ff6f368e000 	C:\Users\zihao\.jdks\corretto-17.0.10\bin\java.exe
0x00007ffca19b0000 - 0x00007ffca1ba8000 	C:\Windows\SYSTEM32\ntdll.dll
0x00007ffca15d0000 - 0x00007ffca168d000 	C:\Windows\System32\KERNEL32.DLL
0x00007ffc9f070000 - 0x00007ffc9f366000 	C:\Windows\System32\KERNELBASE.dll
0x00007ffc9f820000 - 0x00007ffc9f920000 	C:\Windows\System32\ucrtbase.dll
0x00007ffc93dd0000 - 0x00007ffc93de7000 	C:\Users\zihao\.jdks\corretto-17.0.10\bin\jli.dll
0x00007ffc93ba0000 - 0x00007ffc93bbb000 	C:\Users\zihao\.jdks\corretto-17.0.10\bin\VCRUNTIME140.dll
0x00007ffca0bf0000 - 0x00007ffca0d8e000 	C:\Windows\System32\USER32.dll
0x00007ffc9f370000 - 0x00007ffc9f392000 	C:\Windows\System32\win32u.dll
0x00007ffca0e50000 - 0x00007ffca0e7b000 	C:\Windows\System32\GDI32.dll
0x00007ffc91af0000 - 0x00007ffc91d8a000 	C:\Windows\WinSxS\amd64_microsoft.windows.common-controls_6595b64144ccf1df_6.0.19041.3636_none_60b6a03d71f818d5\COMCTL32.dll
0x00007ffc9f3a0000 - 0x00007ffc9f4b7000 	C:\Windows\System32\gdi32full.dll
0x00007ffca0410000 - 0x00007ffca04ae000 	C:\Windows\System32\msvcrt.dll
0x00007ffc9f950000 - 0x00007ffc9f9ed000 	C:\Windows\System32\msvcp_win.dll
0x00007ffca03d0000 - 0x00007ffca0402000 	C:\Windows\System32\IMM32.DLL
0x00007ffc946d0000 - 0x00007ffc946dc000 	C:\Users\zihao\.jdks\corretto-17.0.10\bin\vcruntime140_1.dll
0x00007ffc93b10000 - 0x00007ffc93b9d000 	C:\Users\zihao\.jdks\corretto-17.0.10\bin\msvcp140.dll
0x00007ffc28740000 - 0x00007ffc293a2000 	C:\Users\zihao\.jdks\corretto-17.0.10\bin\server\jvm.dll
0x00007ffca1690000 - 0x00007ffca1743000 	C:\Windows\System32\ADVAPI32.dll
0x00007ffca18d0000 - 0x00007ffca196f000 	C:\Windows\System32\sechost.dll
0x00007ffca02a0000 - 0x00007ffca03c6000 	C:\Windows\System32\RPCRT4.dll
0x00007ffc9f920000 - 0x00007ffc9f947000 	C:\Windows\System32\bcrypt.dll
0x00007ffc9ee20000 - 0x00007ffc9ee6b000 	C:\Windows\SYSTEM32\POWRPROF.dll
0x00007ffc985f0000 - 0x00007ffc985f9000 	C:\Windows\SYSTEM32\WSOCK32.dll
0x00007ffc96ab0000 - 0x00007ffc96aba000 	C:\Windows\SYSTEM32\VERSION.dll
0x00007ffc94d20000 - 0x00007ffc94d47000 	C:\Windows\SYSTEM32\WINMM.dll
0x00007ffca1860000 - 0x00007ffca18cb000 	C:\Windows\System32\WS2_32.dll
0x00007ffc9ed90000 - 0x00007ffc9eda2000 	C:\Windows\SYSTEM32\UMPDC.dll
0x00007ffc9d870000 - 0x00007ffc9d882000 	C:\Windows\SYSTEM32\kernel.appcore.dll
0x00007ffc93b00000 - 0x00007ffc93b0a000 	C:\Users\zihao\.jdks\corretto-17.0.10\bin\jimage.dll
0x00007ffc9c820000 - 0x00007ffc9ca04000 	C:\Windows\SYSTEM32\DBGHELP.DLL
0x00007ffc96fc0000 - 0x00007ffc96ff4000 	C:\Windows\SYSTEM32\dbgcore.DLL
0x00007ffc9f6d0000 - 0x00007ffc9f752000 	C:\Windows\System32\bcryptPrimitives.dll
0x00007ffc935a0000 - 0x00007ffc935ae000 	C:\Users\zihao\.jdks\corretto-17.0.10\bin\instrument.dll
0x00007ffc93660000 - 0x00007ffc93685000 	C:\Users\zihao\.jdks\corretto-17.0.10\bin\java.dll

dbghelp: loaded successfully - version: 4.0.5 - missing functions: none
symbol engine: initialized successfully - sym options: 0x614 - pdb path: .;C:\Users\zihao\.jdks\corretto-17.0.10\bin;C:\Windows\SYSTEM32;C:\Windows\WinSxS\amd64_microsoft.windows.common-controls_6595b64144ccf1df_6.0.19041.3636_none_60b6a03d71f818d5;C:\Users\zihao\.jdks\corretto-17.0.10\bin\server

VM Arguments:
jvm_args: -XX:TieredStopAtLevel=1 -Dspring.output.ansi.enabled=always -Dcom.sun.management.jmxremote -Dspring.jmx.enabled=true -Dspring.liveBeansView.mbeanDomain -Dspring.application.admin.enabled=true -Dmanagement.endpoints.jmx.exposure.include=* -javaagent:C:\Program Files\JetBrains\IntelliJ IDEA 2023.3.4\lib\idea_rt.jar=54809:C:\Program Files\JetBrains\IntelliJ IDEA 2023.3.4\bin -Dfile.encoding=UTF-8 
java_command: com.example.demo.DemoApplication
java_class_path (initial): D:\work\animations\SBOOT\caseStudy\back\target\classes;C:\Users\zihao\.m2\repository\org\springframework\boot\spring-boot-starter-web\3.2.3\spring-boot-starter-web-3.2.3.jar;C:\Users\zihao\.m2\repository\org\springframework\boot\spring-boot-starter\3.2.3\spring-boot-starter-3.2.3.jar;C:\Users\zihao\.m2\repository\org\springframework\boot\spring-boot\3.2.3\spring-boot-3.2.3.jar;C:\Users\zihao\.m2\repository\org\springframework\boot\spring-boot-autoconfigure\3.2.3\spring-boot-autoconfigure-3.2.3.jar;C:\Users\zihao\.m2\repository\org\springframework\boot\spring-boot-starter-logging\3.2.3\spring-boot-starter-logging-3.2.3.jar;C:\Users\zihao\.m2\repository\ch\qos\logback\logback-classic\1.4.14\logback-classic-1.4.14.jar;C:\Users\zihao\.m2\repository\ch\qos\logback\logback-core\1.4.14\logback-core-1.4.14.jar;C:\Users\zihao\.m2\repository\org\apache\logging\log4j\log4j-to-slf4j\2.21.1\log4j-to-slf4j-2.21.1.jar;C:\Users\zihao\.m2\repository\org\apache\logging\log4j\log4j-api\2.21.1\log4j-api-2.21.1.jar;C:\Users\zihao\.m2\repository\org\slf4j\jul-to-slf4j\2.0.12\jul-to-slf4j-2.0.12.jar;C:\Users\zihao\.m2\repository\org\yaml\snakeyaml\2.2\snakeyaml-2.2.jar;C:\Users\zihao\.m2\repository\org\springframework\boot\spring-boot-starter-json\3.2.3\spring-boot-starter-json-3.2.3.jar;C:\Users\zihao\.m2\repository\com\fasterxml\jackson\core\jackson-databind\2.15.4\jackson-databind-2.15.4.jar;C:\Users\zihao\.m2\repository\com\fasterxml\jackson\core\jackson-annotations\2.15.4\jackson-annotations-2.15.4.jar;C:\Users\zihao\.m2\repository\com\fasterxml\jackson\core\jackson-core\2.15.4\jackson-core-2.15.4.jar;C:\Users\zihao\.m2\repository\com\fasterxml\jackson\datatype\jackson-datatype-jdk8\2.15.4\jackson-datatype-jdk8-2.15.4.jar;C:\Users\zihao\.m2\repository\com\fasterxml\jackson\datatype\jackson-datatype-jsr310\2.15.4\jackson-datatype-jsr310-2.15.4.jar;C:\Users\zihao\.m2\repository\com\fasterxml\jackson\module\jackson-module-parameter-names\2.15.4\jackson-modul
Launcher Type: SUN_STANDARD

[Global flags]
     intx CICompilerCount                          = 12                                        {product} {ergonomic}
     uint ConcGCThreads                            = 3                                         {product} {ergonomic}
     uint G1ConcRefinementThreads                  = 13                                        {product} {ergonomic}
   size_t G1HeapRegionSize                         = 2097152                                   {product} {ergonomic}
    uintx GCDrainStackTargetSize                   = 64                                        {product} {ergonomic}
   size_t InitialHeapSize                          = 260046848                                 {product} {ergonomic}
     bool ManagementServer                         = true                                      {product} {command line}
   size_t MarkStackSize                            = 4194304                                   {product} {ergonomic}
   size_t MaxHeapSize                              = 4141875200                                {product} {ergonomic}
   size_t MinHeapDeltaBytes                        = 2097152                                   {product} {ergonomic}
   size_t MinHeapSize                              = 8388608                                   {product} {ergonomic}
    uintx NonProfiledCodeHeapSize                  = 0                                      {pd product} {ergonomic}
     bool ProfileInterpreter                       = false                                  {pd product} {command line}
    uintx ProfiledCodeHeapSize                     = 0                                      {pd product} {ergonomic}
   size_t SoftMaxHeapSize                          = 4141875200                             {manageable} {ergonomic}
     intx TieredStopAtLevel                        = 1                                         {product} {command line}
     bool UseCompressedClassPointers               = true                           {product lp64_product} {ergonomic}
     bool UseCompressedOops                        = true                           {product lp64_product} {ergonomic}
     bool UseG1GC                                  = true                                      {product} {ergonomic}
     bool UseLargePagesIndividualAllocation        = false                                  {pd product} {ergonomic}

Logging:
Log output configuration:
 #0: stdout all=warning uptime,level,tags
 #1: stderr all=off uptime,level,tags

Environment Variables:
JAVA_HOME=C:\Program Files\Java\jdk-11.0.15
CLASSPATH=C:\Program Files\Java\jdk1.8.0_281\glassfish5\glassfish\modules\javax.ws.rs-api.jar;C:\Program Files\Java\jdk1.8.0_281\glassfish5\glassfish\modules\jersey-client.jar;C:\Program Files\Java\jdk1.8.0_281\glassfish5\glassfish\modules\jersey-common.jar;C:\Program Files\Java\jdk1.8.0_281\glassfish5\glassfish\modules\jersey-hk2.jar;C:\Program Files\Java\jdk1.8.0_281\glassfish5\glassfish\modules\jersey-media-jaxb.jar;C:\Program Files\Java\jdk1.8.0_281\glassfish5\glassfish\modules\gf-client-module.jar;C:\Program Files\Java\jdk1.8.0_281\glassfish5\glassfish\lib\appserv-rt.jar;C:\Program Files\Java\jdk1.8.0_281\glassfish5\glassfish\lib\javaee.jar;
PATH=C:\Program Files\IBM\ILOG\CPLEX_Studio_Community201\opl\bin\x64_win64;C:\Program Files\IBM\ILOG\CPLEX_Studio_Community201\opl\oplide\;C:\Program Files\IBM\ILOG\CPLEX_Studio_Community201\cplex\bin\x64_win64;C:\Program Files\IBM\ILOG\CPLEX_Studio_Community201\cpoptimizer\bin\x64_win64;C:\Program Files\NVIDIA GPU Computing Toolkit\CUDA\v11.0\bin;C:\Program Files\NVIDIA GPU Computing Toolkit\CUDA\v11.0\libnvvp;C:\Program Files (x86)\Common Files\Oracle\Java\javapath;C:\Windows\system32;C:\Windows;C:\Windows\System32\Wbem;C:\Windows\System32\WindowsPowerShell\v1.0\;C:\Windows\System32\OpenSSH\;C:\Program Files (x86)\NVIDIA Corporation\PhysX\Common;C:\Program Files\NVIDIA Corporation\NVIDIA NvDLISR;C:\Users\zihao\AppData\Local\Programs\Python\Python39\Scripts;C:\Program Files\Java\jdk1.8.0_281\bin;C:\Program Files\Git\cmd;C:\Program Files\PuTTY\;D:\php;C:\Program Files\Java\jdk1.8.0_281\glassfish5\glassfish\bin;C:\Program Files\NVIDIA Corporation\Nsight Compute 2020.1.1\;C:\Program Files\dotnet\;C:\Program Files\Microsoft SQL Server\Client SDK\ODBC\110\Tools\Binn\;C:\Program Files (x86)\Microsoft SQL Server\120\Tools\Binn\;C:\Program Files\Microsoft SQL Server\120\Tools\Binn\;C:\Program Files\Microsoft SQL Server\120\DTS\Binn\;C:\Program Files (x86)\Microsoft SQL Server\120\Tools\Binn\ManagementStudio\;C:\Program Files (x86)\Microsoft SQL Server\120\DTS\Binn\;C:\Program Files\nodejs\;C:\Program Files\Docker\Docker\resources\bin;C:\Users\zihao\anaconda3;C:\Users\zihao\anaconda3\Library\mingw-w64\bin;C:\Users\zihao\anaconda3\Library\usr\bin;C:\Users\zihao\anaconda3\Library\bin;C:\Users\zihao\anaconda3\Scripts;C:\Users\zihao\AppData\Local\Microsoft\WindowsApps;C:\Users\zihao\AppData\Local\Programs\Microsoft VS Code\bin;C:\Program Files\JetBrains\PyCharm Community Edition 2021.3\bin;;C:\Users\zihao\.dotnet\tools;C:\Users\zihao\AppData\Roaming\Python\Python39\Scripts;C:\Users\zihao\AppData\Roaming\npm;C:\Users\zihao\AppData\Local\GitHubDesktop\bin;C:\Program Files (x86)\Tenc
USERNAME=zihao
OS=Windows_NT
PROCESSOR_IDENTIFIER=AMD64 Family 25 Model 80 Stepping 0, AuthenticAMD
TMP=C:\Users\zihao\AppData\Local\Temp
TEMP=C:\Users\zihao\AppData\Local\Temp



Periodic native trim disabled


---------------  S Y S T E M  ---------------

OS:
 Windows 10 , 64 bit Build 19041 (10.0.19041.3636)
OS uptime: 0 days 3:12 hours
Hyper-V role detected

CPU: total 16 (initial active 16) (16 cores per cpu, 2 threads per core) family 25 model 80 stepping 0 microcode 0x0, cx8, cmov, fxsr, ht, mmx, 3dnowpref, sse, sse2, sse3, ssse3, sse4a, sse4.1, sse4.2, popcnt, lzcnt, tsc, tscinvbit, avx, avx2, aes, erms, clmul, bmi1, bmi2, adx, sha, fma, vzeroupper, clflush, clflushopt, hv
Processor Information for all 16 processors :
  Max Mhz: 3301, Current Mhz: 3301, Mhz Limit: 3301

Memory: 4k page, system-wide physical 15792M (4038M free)
TotalPageFile size 28080M (AvailPageFile size 45M)
current process WorkingSet (physical memory assigned to process): 10M, peak: 10M
current process commit charge ("private bytes"): 66M, peak: 314M

vm_info: OpenJDK 64-Bit Server VM (17.0.10+7-LTS) for windows-amd64 JRE (17.0.10+7-LTS), built on Jan 10 2024 22:11:07 by "Administrator" with MS VC++ 16.10 / 16.11 (VS2019)

END.
